ERROR StackTrace - Full Stack Trace:
java.lang.reflect.InvocationTargetException: null
	at sun.reflect.NativeMethodAccessorImpl.invoke0(Native Method)
	at sun.reflect.NativeMethodAccessorImpl.invoke(NativeMethodAccessorImpl.java:62)
	at sun.reflect.DelegatingMethodAccessorImpl.invoke(DelegatingMethodAccessorImpl.java:43)
	at java.lang.reflect.Method.invoke(Method.java:498)
	at org.grails.core.DefaultGrailsControllerClass$ReflectionInvoker.invoke(DefaultGrailsControllerClass.java:211)
	at org.grails.core.DefaultGrailsControllerClass.invoke(DefaultGrailsControllerClass.java:188)
	at org.grails.web.mapping.mvc.UrlMappingsInfoHandlerAdapter.handle(UrlMappingsInfoHandlerAdapter.groovy:90)
	at org.springframework.web.servlet.DispatcherServlet.doDispatch(DispatcherServlet.java:967)
	at org.springframework.web.servlet.DispatcherServlet.doService(DispatcherServlet.java:901)
	at org.springframework.web.servlet.FrameworkServlet.processRequest(FrameworkServlet.java:970)
	at org.springframework.web.servlet.FrameworkServlet.doGet(FrameworkServlet.java:861)
	at javax.servlet.http.HttpServlet.service(HttpServlet.java:635)
	at org.springframework.web.servlet.FrameworkServlet.service(FrameworkServlet.java:846)
	at javax.servlet.http.HttpServlet.service(HttpServlet.java:742)
	at org.apache.catalina.core.ApplicationFilterChain.internalDoFilter(ApplicationFilterChain.java:231)
	at org.apache.catalina.core.ApplicationFilterChain.doFilter(ApplicationFilterChain.java:166)
	at org.apache.tomcat.websocket.server.WsFilter.doFilter(WsFilter.java:52)
	at org.apache.catalina.core.ApplicationFilterChain.internalDoFilter(ApplicationFilterChain.java:193)
	at org.apache.catalina.core.ApplicationFilterChain.doFilter(ApplicationFilterChain.java:166)
	at org.springframework.boot.web.filter.ApplicationContextHeaderFilter.doFilterInternal(ApplicationContextHeaderFilter.java:55)
	at org.springframework.web.filter.OncePerRequestFilter.doFilter(OncePerRequestFilter.java:107)
	at org.apache.catalina.core.ApplicationFilterChain.internalDoFilter(ApplicationFilterChain.java:193)
	at org.apache.catalina.core.ApplicationFilterChain.doFilter(ApplicationFilterChain.java:166)
	at org.springframework.boot.actuate.trace.WebRequestTraceFilter.doFilterInternal(WebRequestTraceFilter.java:111)
	at org.springframework.web.filter.OncePerRequestFilter.doFilter(OncePerRequestFilter.java:107)
	at org.apache.catalina.core.ApplicationFilterChain.internalDoFilter(ApplicationFilterChain.java:193)
	at org.apache.catalina.core.ApplicationFilterChain.doFilter(ApplicationFilterChain.java:166)
	at org.grails.web.servlet.mvc.GrailsWebRequestFilter.doFilterInternal(GrailsWebRequestFilter.java:77)
	at org.springframework.web.filter.OncePerRequestFilter.doFilter(OncePerRequestFilter.java:107)
	at org.apache.catalina.core.ApplicationFilterChain.internalDoFilter(ApplicationFilterChain.java:193)
	at org.apache.catalina.core.ApplicationFilterChain.doFilter(ApplicationFilterChain.java:166)
	at org.grails.web.filters.HiddenHttpMethodFilter.doFilterInternal(HiddenHttpMethodFilter.java:67)
	at org.springframework.web.filter.OncePerRequestFilter.doFilter(OncePerRequestFilter.java:107)
	at org.apache.catalina.core.ApplicationFilterChain.internalDoFilter(ApplicationFilterChain.java:193)
	at org.apache.catalina.core.ApplicationFilterChain.doFilter(ApplicationFilterChain.java:166)
	at org.springframework.web.filter.CharacterEncodingFilter.doFilterInternal(CharacterEncodingFilter.java:197)
	at org.springframework.web.filter.OncePerRequestFilter.doFilter(OncePerRequestFilter.java:107)
	at org.apache.catalina.core.ApplicationFilterChain.internalDoFilter(ApplicationFilterChain.java:193)
	at org.apache.catalina.core.ApplicationFilterChain.doFilter(ApplicationFilterChain.java:166)
	at org.springframework.web.filter.CorsFilter.doFilterInternal(CorsFilter.java:96)
	at org.springframework.web.filter.OncePerRequestFilter.doFilter(OncePerRequestFilter.java:107)
	at org.apache.catalina.core.ApplicationFilterChain.internalDoFilter(ApplicationFilterChain.java:193)
	at org.apache.catalina.core.ApplicationFilterChain.doFilter(ApplicationFilterChain.java:166)
	at org.springframework.boot.actuate.autoconfigure.MetricsFilter.doFilterInternal(MetricsFilter.java:103)
	at org.springframework.web.filter.OncePerRequestFilter.doFilter(OncePerRequestFilter.java:107)
	at org.apache.catalina.core.ApplicationFilterChain.internalDoFilter(ApplicationFilterChain.java:193)
	at org.apache.catalina.core.ApplicationFilterChain.doFilter(ApplicationFilterChain.java:166)
	at org.apache.catalina.core.StandardWrapperValve.invoke(StandardWrapperValve.java:198)
	at org.apache.catalina.core.StandardContextValve.invoke(StandardContextValve.java:96)
	at org.apache.catalina.authenticator.AuthenticatorBase.invoke(AuthenticatorBase.java:493)
	at org.apache.catalina.core.StandardHostValve.invoke(StandardHostValve.java:140)
	at org.apache.catalina.valves.ErrorReportValve.invoke(ErrorReportValve.java:81)
	at org.apache.catalina.core.StandardEngineValve.invoke(StandardEngineValve.java:87)
	at org.apache.catalina.connector.CoyoteAdapter.service(CoyoteAdapter.java:342)
	at org.apache.coyote.http11.Http11Processor.service(Http11Processor.java:800)
	at org.apache.coyote.AbstractProcessorLight.process(AbstractProcessorLight.java:66)
	at org.apache.coyote.AbstractProtocol$ConnectionHandler.process(AbstractProtocol.java:800)
	at org.apache.tomcat.util.net.NioEndpoint$SocketProcessor.doRun(NioEndpoint.java:1471)
	at org.apache.tomcat.util.net.SocketProcessorBase.run(SocketProcessorBase.java:49)
	at java.util.concurrent.ThreadPoolExecutor.runWorker(ThreadPoolExecutor.java:1149)
	at java.util.concurrent.ThreadPoolExecutor$Worker.run(ThreadPoolExecutor.java:624)
	at org.apache.tomcat.util.threads.TaskThread$WrappingRunnable.run(TaskThread.java:61)
	at java.lang.Thread.run(Thread.java:748)
Caused by: grails.validation.ValidationException: Validation Error(s) occurred during save():
- Field error in object 'models.users.User' on field 'username': rejected value [Miry]; codes [models.users.User.username.unique.error.models.users.User.username,models.users.User.username.unique.error.username,models.users.User.username.unique.error.java.lang.String,models.users.User.username.unique.error,user.username.unique.error.models.users.User.username,user.username.unique.error.username,user.username.unique.error.java.lang.String,user.username.unique.error,models.users.User.username.unique.models.users.User.username,models.users.User.username.unique.username,models.users.User.username.unique.java.lang.String,models.users.User.username.unique,user.username.unique.models.users.User.username,user.username.unique.username,user.username.unique.java.lang.String,user.username.unique,unique.models.users.User.username,unique.username,unique.java.lang.String,unique]; arguments [username,class models.users.User,Miry]; default message [La propriété [{0}] de la classe [{1}] avec la valeur [{2}] doit être unique]

	at sun.reflect.NativeConstructorAccessorImpl.newInstance0(Native Method)
	at sun.reflect.NativeConstructorAccessorImpl.newInstance(NativeConstructorAccessorImpl.java:62)
	at sun.reflect.DelegatingConstructorAccessorImpl.newInstance(DelegatingConstructorAccessorImpl.java:45)
	at java.lang.reflect.Constructor.newInstance(Constructor.java:423)
	at org.codehaus.groovy.reflection.CachedConstructor.invoke(CachedConstructor.java:83)
	at org.codehaus.groovy.reflection.CachedConstructor.doConstructorInvoke(CachedConstructor.java:77)
	at groovy.lang.MetaClassImpl.invokeConstructor(MetaClassImpl.java:1725)
	at groovy.lang.MetaClassImpl.invokeConstructor(MetaClassImpl.java:1549)
	at org.codehaus.groovy.runtime.InvokerHelper.invokeConstructorOf(InvokerHelper.java:978)
	at org.codehaus.groovy.runtime.DefaultGroovyMethods.newInstance(DefaultGroovyMethods.java:15861)
	at org.grails.orm.hibernate.AbstractHibernateGormInstanceApi.save(AbstractHibernateGormInstanceApi.groovy:134)
	at org.grails.datastore.gorm.GormEntity$Trait$Helper.save(GormEntity.groovy:151)
	at org.grails.datastore.gorm.GormEntity$Trait$Helper$save.call(Unknown Source)
	at models.users.User.save(User.groovy)
	at users.UserService.$tt__save(UserService.groovy:22)
	at sun.reflect.NativeMethodAccessorImpl.invoke0(Native Method)
	at sun.reflect.NativeMethodAccessorImpl.invoke(NativeMethodAccessorImpl.java:62)
	at sun.reflect.DelegatingMethodAccessorImpl.invoke(DelegatingMethodAccessorImpl.java:43)
	at java.lang.reflect.Method.invoke(Method.java:498)
	at org.codehaus.groovy.reflection.CachedMethod.invoke(CachedMethod.java:98)
	at groovy.lang.MetaMethod.doMethodInvoke(MetaMethod.java:325)
	at groovy.lang.MetaClassImpl.invokeMethod(MetaClassImpl.java:1225)
	at groovy.lang.MetaClassImpl.invokeMethod(MetaClassImpl.java:1034)
	at org.codehaus.groovy.runtime.InvokerHelper.invokePogoMethod(InvokerHelper.java:947)
	at org.codehaus.groovy.runtime.InvokerHelper.invokeMethod(InvokerHelper.java:930)
	at org.codehaus.groovy.runtime.InvokerHelper.invokeMethodSafe(InvokerHelper.java:92)
	at users.UserService$_save_closure1.doCall(UserService.groovy)
	at sun.reflect.NativeMethodAccessorImpl.invoke0(Native Method)
	at sun.reflect.NativeMethodAccessorImpl.invoke(NativeMethodAccessorImpl.java:62)
	at sun.reflect.DelegatingMethodAccessorImpl.invoke(DelegatingMethodAccessorImpl.java:43)
	at java.lang.reflect.Method.invoke(Method.java:498)
	at org.codehaus.groovy.reflection.CachedMethod.invoke(CachedMethod.java:98)
	at groovy.lang.MetaMethod.doMethodInvoke(MetaMethod.java:325)
	at org.codehaus.groovy.runtime.metaclass.ClosureMetaClass.invokeMethod(ClosureMetaClass.java:264)
	at groovy.lang.MetaClassImpl.invokeMethod(MetaClassImpl.java:1034)
	at groovy.lang.Closure.call(Closure.java:418)
	at groovy.lang.Closure.call(Closure.java:434)
	at grails.gorm.transactions.GrailsTransactionTemplate$2.doInTransaction(GrailsTransactionTemplate.groovy:94)
	at org.springframework.transaction.support.TransactionTemplate.execute(TransactionTemplate.java:133)
	at grails.gorm.transactions.GrailsTransactionTemplate.execute(GrailsTransactionTemplate.groovy:91)
	at users.UserService.save(UserService.groovy)
	at users.UserService$save.call(Unknown Source)
	at org.codehaus.groovy.runtime.callsite.CallSiteArray.defaultCall(CallSiteArray.java:47)
	at org.codehaus.groovy.runtime.callsite.AbstractCallSite.call(AbstractCallSite.java:116)
	at grails.project.UserController.save(UserController.groovy:13)
	... 63 common frames omitted
ERROR StackTrace - Full Stack Trace:
grails.validation.ValidationException: Validation Error(s) occurred during save():
- Field error in object 'models.users.User' on field 'username': rejected value [Miry]; codes [models.users.User.username.unique.error.models.users.User.username,models.users.User.username.unique.error.username,models.users.User.username.unique.error.java.lang.String,models.users.User.username.unique.error,user.username.unique.error.models.users.User.username,user.username.unique.error.username,user.username.unique.error.java.lang.String,user.username.unique.error,models.users.User.username.unique.models.users.User.username,models.users.User.username.unique.username,models.users.User.username.unique.java.lang.String,models.users.User.username.unique,user.username.unique.models.users.User.username,user.username.unique.username,user.username.unique.java.lang.String,user.username.unique,unique.models.users.User.username,unique.username,unique.java.lang.String,unique]; arguments [username,class models.users.User,Miry]; default message [La propriété [{0}] de la classe [{1}] avec la valeur [{2}] doit être unique]

	at sun.reflect.NativeConstructorAccessorImpl.newInstance0(Native Method)
	at sun.reflect.NativeConstructorAccessorImpl.newInstance(NativeConstructorAccessorImpl.java:62)
	at sun.reflect.DelegatingConstructorAccessorImpl.newInstance(DelegatingConstructorAccessorImpl.java:45)
	at java.lang.reflect.Constructor.newInstance(Constructor.java:423)
	at org.codehaus.groovy.reflection.CachedConstructor.invoke(CachedConstructor.java:83)
	at org.codehaus.groovy.reflection.CachedConstructor.doConstructorInvoke(CachedConstructor.java:77)
	at groovy.lang.MetaClassImpl.invokeConstructor(MetaClassImpl.java:1725)
	at groovy.lang.MetaClassImpl.invokeConstructor(MetaClassImpl.java:1549)
	at org.codehaus.groovy.runtime.InvokerHelper.invokeConstructorOf(InvokerHelper.java:978)
	at org.codehaus.groovy.runtime.DefaultGroovyMethods.newInstance(DefaultGroovyMethods.java:15861)
	at org.grails.orm.hibernate.AbstractHibernateGormInstanceApi.save(AbstractHibernateGormInstanceApi.groovy:134)
	at org.grails.datastore.gorm.GormEntity$Trait$Helper.save(GormEntity.groovy:151)
	at org.grails.datastore.gorm.GormEntity$Trait$Helper$save.call(Unknown Source)
	at models.users.User.save(User.groovy)
	at users.UserService.$tt__save(UserService.groovy:22)
	at sun.reflect.NativeMethodAccessorImpl.invoke0(Native Method)
	at sun.reflect.NativeMethodAccessorImpl.invoke(NativeMethodAccessorImpl.java:62)
	at sun.reflect.DelegatingMethodAccessorImpl.invoke(DelegatingMethodAccessorImpl.java:43)
	at java.lang.reflect.Method.invoke(Method.java:498)
	at org.codehaus.groovy.reflection.CachedMethod.invoke(CachedMethod.java:98)
	at groovy.lang.MetaMethod.doMethodInvoke(MetaMethod.java:325)
	at groovy.lang.MetaClassImpl.invokeMethod(MetaClassImpl.java:1225)
	at groovy.lang.MetaClassImpl.invokeMethod(MetaClassImpl.java:1034)
	at org.codehaus.groovy.runtime.InvokerHelper.invokePogoMethod(InvokerHelper.java:947)
	at org.codehaus.groovy.runtime.InvokerHelper.invokeMethod(InvokerHelper.java:930)
	at org.codehaus.groovy.runtime.InvokerHelper.invokeMethodSafe(InvokerHelper.java:92)
	at users.UserService$_save_closure1.doCall(UserService.groovy)
	at sun.reflect.NativeMethodAccessorImpl.invoke0(Native Method)
	at sun.reflect.NativeMethodAccessorImpl.invoke(NativeMethodAccessorImpl.java:62)
	at sun.reflect.DelegatingMethodAccessorImpl.invoke(DelegatingMethodAccessorImpl.java:43)
	at java.lang.reflect.Method.invoke(Method.java:498)
	at org.codehaus.groovy.reflection.CachedMethod.invoke(CachedMethod.java:98)
	at groovy.lang.MetaMethod.doMethodInvoke(MetaMethod.java:325)
	at org.codehaus.groovy.runtime.metaclass.ClosureMetaClass.invokeMethod(ClosureMetaClass.java:264)
	at groovy.lang.MetaClassImpl.invokeMethod(MetaClassImpl.java:1034)
	at groovy.lang.Closure.call(Closure.java:418)
	at groovy.lang.Closure.call(Closure.java:434)
	at grails.gorm.transactions.GrailsTransactionTemplate$2.doInTransaction(GrailsTransactionTemplate.groovy:94)
	at org.springframework.transaction.support.TransactionTemplate.execute(TransactionTemplate.java:133)
	at grails.gorm.transactions.GrailsTransactionTemplate.execute(GrailsTransactionTemplate.groovy:91)
	at users.UserService.save(UserService.groovy)
	at users.UserService$save.call(Unknown Source)
	at org.codehaus.groovy.runtime.callsite.CallSiteArray.defaultCall(CallSiteArray.java:47)
	at org.codehaus.groovy.runtime.callsite.AbstractCallSite.call(AbstractCallSite.java:116)
	at grails.project.UserController.save(UserController.groovy:13)
	at sun.reflect.NativeMethodAccessorImpl.invoke0(Native Method)
	at sun.reflect.NativeMethodAccessorImpl.invoke(NativeMethodAccessorImpl.java:62)
	at sun.reflect.DelegatingMethodAccessorImpl.invoke(DelegatingMethodAccessorImpl.java:43)
	at java.lang.reflect.Method.invoke(Method.java:498)
	at org.grails.core.DefaultGrailsControllerClass$ReflectionInvoker.invoke(DefaultGrailsControllerClass.java:211)
	at org.grails.core.DefaultGrailsControllerClass.invoke(DefaultGrailsControllerClass.java:188)
	at org.grails.web.mapping.mvc.UrlMappingsInfoHandlerAdapter.handle(UrlMappingsInfoHandlerAdapter.groovy:90)
	at org.springframework.web.servlet.DispatcherServlet.doDispatch(DispatcherServlet.java:967)
	at org.springframework.web.servlet.DispatcherServlet.doService(DispatcherServlet.java:901)
	at org.springframework.web.servlet.FrameworkServlet.processRequest(FrameworkServlet.java:970)
	at org.springframework.web.servlet.FrameworkServlet.doGet(FrameworkServlet.java:861)
	at javax.servlet.http.HttpServlet.service(HttpServlet.java:635)
	at org.springframework.web.servlet.FrameworkServlet.service(FrameworkServlet.java:846)
	at javax.servlet.http.HttpServlet.service(HttpServlet.java:742)
	at org.apache.catalina.core.ApplicationFilterChain.internalDoFilter(ApplicationFilterChain.java:231)
	at org.apache.catalina.core.ApplicationFilterChain.doFilter(ApplicationFilterChain.java:166)
	at org.apache.tomcat.websocket.server.WsFilter.doFilter(WsFilter.java:52)
	at org.apache.catalina.core.ApplicationFilterChain.internalDoFilter(ApplicationFilterChain.java:193)
	at org.apache.catalina.core.ApplicationFilterChain.doFilter(ApplicationFilterChain.java:166)
	at org.springframework.boot.web.filter.ApplicationContextHeaderFilter.doFilterInternal(ApplicationContextHeaderFilter.java:55)
	at org.springframework.web.filter.OncePerRequestFilter.doFilter(OncePerRequestFilter.java:107)
	at org.apache.catalina.core.ApplicationFilterChain.internalDoFilter(ApplicationFilterChain.java:193)
	at org.apache.catalina.core.ApplicationFilterChain.doFilter(ApplicationFilterChain.java:166)
	at org.springframework.boot.actuate.trace.WebRequestTraceFilter.doFilterInternal(WebRequestTraceFilter.java:111)
	at org.springframework.web.filter.OncePerRequestFilter.doFilter(OncePerRequestFilter.java:107)
	at org.apache.catalina.core.ApplicationFilterChain.internalDoFilter(ApplicationFilterChain.java:193)
	at org.apache.catalina.core.ApplicationFilterChain.doFilter(ApplicationFilterChain.java:166)
	at org.grails.web.servlet.mvc.GrailsWebRequestFilter.doFilterInternal(GrailsWebRequestFilter.java:77)
	at org.springframework.web.filter.OncePerRequestFilter.doFilter(OncePerRequestFilter.java:107)
	at org.apache.catalina.core.ApplicationFilterChain.internalDoFilter(ApplicationFilterChain.java:193)
	at org.apache.catalina.core.ApplicationFilterChain.doFilter(ApplicationFilterChain.java:166)
	at org.grails.web.filters.HiddenHttpMethodFilter.doFilterInternal(HiddenHttpMethodFilter.java:67)
	at org.springframework.web.filter.OncePerRequestFilter.doFilter(OncePerRequestFilter.java:107)
	at org.apache.catalina.core.ApplicationFilterChain.internalDoFilter(ApplicationFilterChain.java:193)
	at org.apache.catalina.core.ApplicationFilterChain.doFilter(ApplicationFilterChain.java:166)
	at org.springframework.web.filter.CharacterEncodingFilter.doFilterInternal(CharacterEncodingFilter.java:197)
	at org.springframework.web.filter.OncePerRequestFilter.doFilter(OncePerRequestFilter.java:107)
	at org.apache.catalina.core.ApplicationFilterChain.internalDoFilter(ApplicationFilterChain.java:193)
	at org.apache.catalina.core.ApplicationFilterChain.doFilter(ApplicationFilterChain.java:166)
	at org.springframework.web.filter.CorsFilter.doFilterInternal(CorsFilter.java:96)
	at org.springframework.web.filter.OncePerRequestFilter.doFilter(OncePerRequestFilter.java:107)
	at org.apache.catalina.core.ApplicationFilterChain.internalDoFilter(ApplicationFilterChain.java:193)
	at org.apache.catalina.core.ApplicationFilterChain.doFilter(ApplicationFilterChain.java:166)
	at org.springframework.boot.actuate.autoconfigure.MetricsFilter.doFilterInternal(MetricsFilter.java:103)
	at org.springframework.web.filter.OncePerRequestFilter.doFilter(OncePerRequestFilter.java:107)
	at org.apache.catalina.core.ApplicationFilterChain.internalDoFilter(ApplicationFilterChain.java:193)
	at org.apache.catalina.core.ApplicationFilterChain.doFilter(ApplicationFilterChain.java:166)
	at org.apache.catalina.core.StandardWrapperValve.invoke(StandardWrapperValve.java:198)
	at org.apache.catalina.core.StandardContextValve.invoke(StandardContextValve.java:96)
	at org.apache.catalina.authenticator.AuthenticatorBase.invoke(AuthenticatorBase.java:493)
	at org.apache.catalina.core.StandardHostValve.invoke(StandardHostValve.java:140)
	at org.apache.catalina.valves.ErrorReportValve.invoke(ErrorReportValve.java:81)
	at org.apache.catalina.core.StandardEngineValve.invoke(StandardEngineValve.java:87)
	at org.apache.catalina.connector.CoyoteAdapter.service(CoyoteAdapter.java:342)
	at org.apache.coyote.http11.Http11Processor.service(Http11Processor.java:800)
	at org.apache.coyote.AbstractProcessorLight.process(AbstractProcessorLight.java:66)
	at org.apache.coyote.AbstractProtocol$ConnectionHandler.process(AbstractProtocol.java:800)
	at org.apache.tomcat.util.net.NioEndpoint$SocketProcessor.doRun(NioEndpoint.java:1471)
	at org.apache.tomcat.util.net.SocketProcessorBase.run(SocketProcessorBase.java:49)
	at java.util.concurrent.ThreadPoolExecutor.runWorker(ThreadPoolExecutor.java:1149)
	at java.util.concurrent.ThreadPoolExecutor$Worker.run(ThreadPoolExecutor.java:624)
	at org.apache.tomcat.util.threads.TaskThread$WrappingRunnable.run(TaskThread.java:61)
	at java.lang.Thread.run(Thread.java:748)
ERROR StackTrace - Full Stack Trace:
java.lang.reflect.InvocationTargetException: null
	at org.grails.core.DefaultGrailsControllerClass$ReflectionInvoker.invoke(DefaultGrailsControllerClass.java:211)
	at org.grails.core.DefaultGrailsControllerClass.invoke(DefaultGrailsControllerClass.java:188)
	at org.grails.web.mapping.mvc.UrlMappingsInfoHandlerAdapter.handle(UrlMappingsInfoHandlerAdapter.groovy:90)
	at org.springframework.web.servlet.DispatcherServlet.doDispatch(DispatcherServlet.java:967)
	at org.springframework.web.servlet.DispatcherServlet.doService(DispatcherServlet.java:901)
	at org.springframework.web.servlet.FrameworkServlet.processRequest(FrameworkServlet.java:970)
	at org.springframework.web.servlet.FrameworkServlet.doGet(FrameworkServlet.java:861)
	at org.springframework.web.servlet.FrameworkServlet.service(FrameworkServlet.java:846)
	at org.springframework.boot.web.filter.ApplicationContextHeaderFilter.doFilterInternal(ApplicationContextHeaderFilter.java:55)
	at org.grails.web.servlet.mvc.GrailsWebRequestFilter.doFilterInternal(GrailsWebRequestFilter.java:77)
	at org.grails.web.filters.HiddenHttpMethodFilter.doFilterInternal(HiddenHttpMethodFilter.java:67)
	at java.util.concurrent.ThreadPoolExecutor.runWorker(ThreadPoolExecutor.java:1149)
	at java.util.concurrent.ThreadPoolExecutor$Worker.run(ThreadPoolExecutor.java:624)
	at java.lang.Thread.run(Thread.java:748)
Caused by: grails.validation.ValidationException: Validation Error(s) occurred during save():
- Field error in object 'models.users.User' on field 'username': rejected value [Miry]; codes [models.users.User.username.unique.error.models.users.User.username,models.users.User.username.unique.error.username,models.users.User.username.unique.error.java.lang.String,models.users.User.username.unique.error,user.username.unique.error.models.users.User.username,user.username.unique.error.username,user.username.unique.error.java.lang.String,user.username.unique.error,models.users.User.username.unique.models.users.User.username,models.users.User.username.unique.username,models.users.User.username.unique.java.lang.String,models.users.User.username.unique,user.username.unique.models.users.User.username,user.username.unique.username,user.username.unique.java.lang.String,user.username.unique,unique.models.users.User.username,unique.username,unique.java.lang.String,unique]; arguments [username,class models.users.User,Miry]; default message [La propriété [{0}] de la classe [{1}] avec la valeur [{2}] doit être unique]

	at org.grails.orm.hibernate.AbstractHibernateGormInstanceApi.save(AbstractHibernateGormInstanceApi.groovy:134)
	at org.grails.datastore.gorm.GormEntity$Trait$Helper.save(GormEntity.groovy:151)
	at users.UserService.$tt__save(UserService.groovy:22)
	at grails.gorm.transactions.GrailsTransactionTemplate$2.doInTransaction(GrailsTransactionTemplate.groovy:94)
	at org.springframework.transaction.support.TransactionTemplate.execute(TransactionTemplate.java:133)
	at grails.gorm.transactions.GrailsTransactionTemplate.execute(GrailsTransactionTemplate.groovy:91)
	at grails.project.UserController.save(UserController.groovy:13)
	... 14 common frames omitted
ERROR StackTrace - Full Stack Trace:
java.lang.reflect.InvocationTargetException: null
	at sun.reflect.NativeMethodAccessorImpl.invoke0(Native Method)
	at sun.reflect.NativeMethodAccessorImpl.invoke(NativeMethodAccessorImpl.java:62)
	at sun.reflect.DelegatingMethodAccessorImpl.invoke(DelegatingMethodAccessorImpl.java:43)
	at java.lang.reflect.Method.invoke(Method.java:498)
	at org.grails.core.DefaultGrailsControllerClass$ReflectionInvoker.invoke(DefaultGrailsControllerClass.java:211)
	at org.grails.core.DefaultGrailsControllerClass.invoke(DefaultGrailsControllerClass.java:188)
	at org.grails.web.mapping.mvc.UrlMappingsInfoHandlerAdapter.handle(UrlMappingsInfoHandlerAdapter.groovy:90)
	at org.springframework.web.servlet.DispatcherServlet.doDispatch(DispatcherServlet.java:967)
	at org.springframework.web.servlet.DispatcherServlet.doService(DispatcherServlet.java:901)
	at org.springframework.web.servlet.FrameworkServlet.processRequest(FrameworkServlet.java:970)
	at org.springframework.web.servlet.FrameworkServlet.doGet(FrameworkServlet.java:861)
	at javax.servlet.http.HttpServlet.service(HttpServlet.java:635)
	at org.springframework.web.servlet.FrameworkServlet.service(FrameworkServlet.java:846)
	at javax.servlet.http.HttpServlet.service(HttpServlet.java:742)
	at org.apache.catalina.core.ApplicationFilterChain.internalDoFilter(ApplicationFilterChain.java:231)
	at org.apache.catalina.core.ApplicationFilterChain.doFilter(ApplicationFilterChain.java:166)
	at org.apache.tomcat.websocket.server.WsFilter.doFilter(WsFilter.java:52)
	at org.apache.catalina.core.ApplicationFilterChain.internalDoFilter(ApplicationFilterChain.java:193)
	at org.apache.catalina.core.ApplicationFilterChain.doFilter(ApplicationFilterChain.java:166)
	at org.springframework.boot.web.filter.ApplicationContextHeaderFilter.doFilterInternal(ApplicationContextHeaderFilter.java:55)
	at org.springframework.web.filter.OncePerRequestFilter.doFilter(OncePerRequestFilter.java:107)
	at org.apache.catalina.core.ApplicationFilterChain.internalDoFilter(ApplicationFilterChain.java:193)
	at org.apache.catalina.core.ApplicationFilterChain.doFilter(ApplicationFilterChain.java:166)
	at org.springframework.boot.actuate.trace.WebRequestTraceFilter.doFilterInternal(WebRequestTraceFilter.java:111)
	at org.springframework.web.filter.OncePerRequestFilter.doFilter(OncePerRequestFilter.java:107)
	at org.apache.catalina.core.ApplicationFilterChain.internalDoFilter(ApplicationFilterChain.java:193)
	at org.apache.catalina.core.ApplicationFilterChain.doFilter(ApplicationFilterChain.java:166)
	at org.grails.web.servlet.mvc.GrailsWebRequestFilter.doFilterInternal(GrailsWebRequestFilter.java:77)
	at org.springframework.web.filter.OncePerRequestFilter.doFilter(OncePerRequestFilter.java:107)
	at org.apache.catalina.core.ApplicationFilterChain.internalDoFilter(ApplicationFilterChain.java:193)
	at org.apache.catalina.core.ApplicationFilterChain.doFilter(ApplicationFilterChain.java:166)
	at org.grails.web.filters.HiddenHttpMethodFilter.doFilterInternal(HiddenHttpMethodFilter.java:67)
	at org.springframework.web.filter.OncePerRequestFilter.doFilter(OncePerRequestFilter.java:107)
	at org.apache.catalina.core.ApplicationFilterChain.internalDoFilter(ApplicationFilterChain.java:193)
	at org.apache.catalina.core.ApplicationFilterChain.doFilter(ApplicationFilterChain.java:166)
	at org.springframework.web.filter.CharacterEncodingFilter.doFilterInternal(CharacterEncodingFilter.java:197)
	at org.springframework.web.filter.OncePerRequestFilter.doFilter(OncePerRequestFilter.java:107)
	at org.apache.catalina.core.ApplicationFilterChain.internalDoFilter(ApplicationFilterChain.java:193)
	at org.apache.catalina.core.ApplicationFilterChain.doFilter(ApplicationFilterChain.java:166)
	at org.springframework.web.filter.CorsFilter.doFilterInternal(CorsFilter.java:96)
	at org.springframework.web.filter.OncePerRequestFilter.doFilter(OncePerRequestFilter.java:107)
	at org.apache.catalina.core.ApplicationFilterChain.internalDoFilter(ApplicationFilterChain.java:193)
	at org.apache.catalina.core.ApplicationFilterChain.doFilter(ApplicationFilterChain.java:166)
	at org.springframework.boot.actuate.autoconfigure.MetricsFilter.doFilterInternal(MetricsFilter.java:103)
	at org.springframework.web.filter.OncePerRequestFilter.doFilter(OncePerRequestFilter.java:107)
	at org.apache.catalina.core.ApplicationFilterChain.internalDoFilter(ApplicationFilterChain.java:193)
	at org.apache.catalina.core.ApplicationFilterChain.doFilter(ApplicationFilterChain.java:166)
	at org.apache.catalina.core.StandardWrapperValve.invoke(StandardWrapperValve.java:198)
	at org.apache.catalina.core.StandardContextValve.invoke(StandardContextValve.java:96)
	at org.apache.catalina.authenticator.AuthenticatorBase.invoke(AuthenticatorBase.java:493)
	at org.apache.catalina.core.StandardHostValve.invoke(StandardHostValve.java:140)
	at org.apache.catalina.valves.ErrorReportValve.invoke(ErrorReportValve.java:81)
	at org.apache.catalina.core.StandardEngineValve.invoke(StandardEngineValve.java:87)
	at org.apache.catalina.connector.CoyoteAdapter.service(CoyoteAdapter.java:342)
	at org.apache.coyote.http11.Http11Processor.service(Http11Processor.java:800)
	at org.apache.coyote.AbstractProcessorLight.process(AbstractProcessorLight.java:66)
	at org.apache.coyote.AbstractProtocol$ConnectionHandler.process(AbstractProtocol.java:800)
	at org.apache.tomcat.util.net.NioEndpoint$SocketProcessor.doRun(NioEndpoint.java:1471)
	at org.apache.tomcat.util.net.SocketProcessorBase.run(SocketProcessorBase.java:49)
	at java.util.concurrent.ThreadPoolExecutor.runWorker(ThreadPoolExecutor.java:1149)
	at java.util.concurrent.ThreadPoolExecutor$Worker.run(ThreadPoolExecutor.java:624)
	at org.apache.tomcat.util.threads.TaskThread$WrappingRunnable.run(TaskThread.java:61)
	at java.lang.Thread.run(Thread.java:748)
Caused by: grails.validation.ValidationException: Validation Error(s) occurred during save():
- Field error in object 'models.users.User' on field 'username': rejected value [Miry]; codes [models.users.User.username.unique.error.models.users.User.username,models.users.User.username.unique.error.username,models.users.User.username.unique.error.java.lang.String,models.users.User.username.unique.error,user.username.unique.error.models.users.User.username,user.username.unique.error.username,user.username.unique.error.java.lang.String,user.username.unique.error,models.users.User.username.unique.models.users.User.username,models.users.User.username.unique.username,models.users.User.username.unique.java.lang.String,models.users.User.username.unique,user.username.unique.models.users.User.username,user.username.unique.username,user.username.unique.java.lang.String,user.username.unique,unique.models.users.User.username,unique.username,unique.java.lang.String,unique]; arguments [username,class models.users.User,Miry]; default message [La propriété [{0}] de la classe [{1}] avec la valeur [{2}] doit être unique]

	at sun.reflect.NativeConstructorAccessorImpl.newInstance0(Native Method)
	at sun.reflect.NativeConstructorAccessorImpl.newInstance(NativeConstructorAccessorImpl.java:62)
	at sun.reflect.DelegatingConstructorAccessorImpl.newInstance(DelegatingConstructorAccessorImpl.java:45)
	at java.lang.reflect.Constructor.newInstance(Constructor.java:423)
	at org.codehaus.groovy.reflection.CachedConstructor.invoke(CachedConstructor.java:83)
	at org.codehaus.groovy.reflection.CachedConstructor.doConstructorInvoke(CachedConstructor.java:77)
	at groovy.lang.MetaClassImpl.invokeConstructor(MetaClassImpl.java:1725)
	at groovy.lang.MetaClassImpl.invokeConstructor(MetaClassImpl.java:1549)
	at org.codehaus.groovy.runtime.InvokerHelper.invokeConstructorOf(InvokerHelper.java:978)
	at org.codehaus.groovy.runtime.DefaultGroovyMethods.newInstance(DefaultGroovyMethods.java:15861)
	at org.grails.orm.hibernate.AbstractHibernateGormInstanceApi.save(AbstractHibernateGormInstanceApi.groovy:134)
	at org.grails.datastore.gorm.GormEntity$Trait$Helper.save(GormEntity.groovy:151)
	at org.grails.datastore.gorm.GormEntity$Trait$Helper$save.call(Unknown Source)
	at models.users.User.save(User.groovy)
	at users.UserService.$tt__save(UserService.groovy:22)
	at sun.reflect.NativeMethodAccessorImpl.invoke0(Native Method)
	at sun.reflect.NativeMethodAccessorImpl.invoke(NativeMethodAccessorImpl.java:62)
	at sun.reflect.DelegatingMethodAccessorImpl.invoke(DelegatingMethodAccessorImpl.java:43)
	at java.lang.reflect.Method.invoke(Method.java:498)
	at org.codehaus.groovy.reflection.CachedMethod.invoke(CachedMethod.java:98)
	at groovy.lang.MetaMethod.doMethodInvoke(MetaMethod.java:325)
	at groovy.lang.MetaClassImpl.invokeMethod(MetaClassImpl.java:1225)
	at groovy.lang.MetaClassImpl.invokeMethod(MetaClassImpl.java:1034)
	at org.codehaus.groovy.runtime.InvokerHelper.invokePogoMethod(InvokerHelper.java:947)
	at org.codehaus.groovy.runtime.InvokerHelper.invokeMethod(InvokerHelper.java:930)
	at org.codehaus.groovy.runtime.InvokerHelper.invokeMethodSafe(InvokerHelper.java:92)
	at users.UserService$_save_closure1.doCall(UserService.groovy)
	at sun.reflect.NativeMethodAccessorImpl.invoke0(Native Method)
	at sun.reflect.NativeMethodAccessorImpl.invoke(NativeMethodAccessorImpl.java:62)
	at sun.reflect.DelegatingMethodAccessorImpl.invoke(DelegatingMethodAccessorImpl.java:43)
	at java.lang.reflect.Method.invoke(Method.java:498)
	at org.codehaus.groovy.reflection.CachedMethod.invoke(CachedMethod.java:98)
	at groovy.lang.MetaMethod.doMethodInvoke(MetaMethod.java:325)
	at org.codehaus.groovy.runtime.metaclass.ClosureMetaClass.invokeMethod(ClosureMetaClass.java:264)
	at groovy.lang.MetaClassImpl.invokeMethod(MetaClassImpl.java:1034)
	at groovy.lang.Closure.call(Closure.java:418)
	at groovy.lang.Closure.call(Closure.java:434)
	at grails.gorm.transactions.GrailsTransactionTemplate$2.doInTransaction(GrailsTransactionTemplate.groovy:94)
	at org.springframework.transaction.support.TransactionTemplate.execute(TransactionTemplate.java:133)
	at grails.gorm.transactions.GrailsTransactionTemplate.execute(GrailsTransactionTemplate.groovy:91)
	at users.UserService.save(UserService.groovy)
	at users.UserService$save.call(Unknown Source)
	at grails.project.UserController.save(UserController.groovy:13)
	... 63 common frames omitted
ERROR StackTrace - Full Stack Trace:
grails.validation.ValidationException: Validation Error(s) occurred during save():
- Field error in object 'models.users.User' on field 'username': rejected value [Miry]; codes [models.users.User.username.unique.error.models.users.User.username,models.users.User.username.unique.error.username,models.users.User.username.unique.error.java.lang.String,models.users.User.username.unique.error,user.username.unique.error.models.users.User.username,user.username.unique.error.username,user.username.unique.error.java.lang.String,user.username.unique.error,models.users.User.username.unique.models.users.User.username,models.users.User.username.unique.username,models.users.User.username.unique.java.lang.String,models.users.User.username.unique,user.username.unique.models.users.User.username,user.username.unique.username,user.username.unique.java.lang.String,user.username.unique,unique.models.users.User.username,unique.username,unique.java.lang.String,unique]; arguments [username,class models.users.User,Miry]; default message [La propriété [{0}] de la classe [{1}] avec la valeur [{2}] doit être unique]

	at sun.reflect.NativeConstructorAccessorImpl.newInstance0(Native Method)
	at sun.reflect.NativeConstructorAccessorImpl.newInstance(NativeConstructorAccessorImpl.java:62)
	at sun.reflect.DelegatingConstructorAccessorImpl.newInstance(DelegatingConstructorAccessorImpl.java:45)
	at java.lang.reflect.Constructor.newInstance(Constructor.java:423)
	at org.codehaus.groovy.reflection.CachedConstructor.invoke(CachedConstructor.java:83)
	at org.codehaus.groovy.reflection.CachedConstructor.doConstructorInvoke(CachedConstructor.java:77)
	at groovy.lang.MetaClassImpl.invokeConstructor(MetaClassImpl.java:1725)
	at groovy.lang.MetaClassImpl.invokeConstructor(MetaClassImpl.java:1549)
	at org.codehaus.groovy.runtime.InvokerHelper.invokeConstructorOf(InvokerHelper.java:978)
	at org.codehaus.groovy.runtime.DefaultGroovyMethods.newInstance(DefaultGroovyMethods.java:15861)
	at org.grails.orm.hibernate.AbstractHibernateGormInstanceApi.save(AbstractHibernateGormInstanceApi.groovy:134)
	at org.grails.datastore.gorm.GormEntity$Trait$Helper.save(GormEntity.groovy:151)
	at org.grails.datastore.gorm.GormEntity$Trait$Helper$save.call(Unknown Source)
	at models.users.User.save(User.groovy)
	at users.UserService.$tt__save(UserService.groovy:22)
	at sun.reflect.NativeMethodAccessorImpl.invoke0(Native Method)
	at sun.reflect.NativeMethodAccessorImpl.invoke(NativeMethodAccessorImpl.java:62)
	at sun.reflect.DelegatingMethodAccessorImpl.invoke(DelegatingMethodAccessorImpl.java:43)
	at java.lang.reflect.Method.invoke(Method.java:498)
	at org.codehaus.groovy.reflection.CachedMethod.invoke(CachedMethod.java:98)
	at groovy.lang.MetaMethod.doMethodInvoke(MetaMethod.java:325)
	at groovy.lang.MetaClassImpl.invokeMethod(MetaClassImpl.java:1225)
	at groovy.lang.MetaClassImpl.invokeMethod(MetaClassImpl.java:1034)
	at org.codehaus.groovy.runtime.InvokerHelper.invokePogoMethod(InvokerHelper.java:947)
	at org.codehaus.groovy.runtime.InvokerHelper.invokeMethod(InvokerHelper.java:930)
	at org.codehaus.groovy.runtime.InvokerHelper.invokeMethodSafe(InvokerHelper.java:92)
	at users.UserService$_save_closure1.doCall(UserService.groovy)
	at sun.reflect.NativeMethodAccessorImpl.invoke0(Native Method)
	at sun.reflect.NativeMethodAccessorImpl.invoke(NativeMethodAccessorImpl.java:62)
	at sun.reflect.DelegatingMethodAccessorImpl.invoke(DelegatingMethodAccessorImpl.java:43)
	at java.lang.reflect.Method.invoke(Method.java:498)
	at org.codehaus.groovy.reflection.CachedMethod.invoke(CachedMethod.java:98)
	at groovy.lang.MetaMethod.doMethodInvoke(MetaMethod.java:325)
	at org.codehaus.groovy.runtime.metaclass.ClosureMetaClass.invokeMethod(ClosureMetaClass.java:264)
	at groovy.lang.MetaClassImpl.invokeMethod(MetaClassImpl.java:1034)
	at groovy.lang.Closure.call(Closure.java:418)
	at groovy.lang.Closure.call(Closure.java:434)
	at grails.gorm.transactions.GrailsTransactionTemplate$2.doInTransaction(GrailsTransactionTemplate.groovy:94)
	at org.springframework.transaction.support.TransactionTemplate.execute(TransactionTemplate.java:133)
	at grails.gorm.transactions.GrailsTransactionTemplate.execute(GrailsTransactionTemplate.groovy:91)
	at users.UserService.save(UserService.groovy)
	at users.UserService$save.call(Unknown Source)
	at grails.project.UserController.save(UserController.groovy:13)
	at sun.reflect.NativeMethodAccessorImpl.invoke0(Native Method)
	at sun.reflect.NativeMethodAccessorImpl.invoke(NativeMethodAccessorImpl.java:62)
	at sun.reflect.DelegatingMethodAccessorImpl.invoke(DelegatingMethodAccessorImpl.java:43)
	at java.lang.reflect.Method.invoke(Method.java:498)
	at org.grails.core.DefaultGrailsControllerClass$ReflectionInvoker.invoke(DefaultGrailsControllerClass.java:211)
	at org.grails.core.DefaultGrailsControllerClass.invoke(DefaultGrailsControllerClass.java:188)
	at org.grails.web.mapping.mvc.UrlMappingsInfoHandlerAdapter.handle(UrlMappingsInfoHandlerAdapter.groovy:90)
	at org.springframework.web.servlet.DispatcherServlet.doDispatch(DispatcherServlet.java:967)
	at org.springframework.web.servlet.DispatcherServlet.doService(DispatcherServlet.java:901)
	at org.springframework.web.servlet.FrameworkServlet.processRequest(FrameworkServlet.java:970)
	at org.springframework.web.servlet.FrameworkServlet.doGet(FrameworkServlet.java:861)
	at javax.servlet.http.HttpServlet.service(HttpServlet.java:635)
	at org.springframework.web.servlet.FrameworkServlet.service(FrameworkServlet.java:846)
	at javax.servlet.http.HttpServlet.service(HttpServlet.java:742)
	at org.apache.catalina.core.ApplicationFilterChain.internalDoFilter(ApplicationFilterChain.java:231)
	at org.apache.catalina.core.ApplicationFilterChain.doFilter(ApplicationFilterChain.java:166)
	at org.apache.tomcat.websocket.server.WsFilter.doFilter(WsFilter.java:52)
	at org.apache.catalina.core.ApplicationFilterChain.internalDoFilter(ApplicationFilterChain.java:193)
	at org.apache.catalina.core.ApplicationFilterChain.doFilter(ApplicationFilterChain.java:166)
	at org.springframework.boot.web.filter.ApplicationContextHeaderFilter.doFilterInternal(ApplicationContextHeaderFilter.java:55)
	at org.springframework.web.filter.OncePerRequestFilter.doFilter(OncePerRequestFilter.java:107)
	at org.apache.catalina.core.ApplicationFilterChain.internalDoFilter(ApplicationFilterChain.java:193)
	at org.apache.catalina.core.ApplicationFilterChain.doFilter(ApplicationFilterChain.java:166)
	at org.springframework.boot.actuate.trace.WebRequestTraceFilter.doFilterInternal(WebRequestTraceFilter.java:111)
	at org.springframework.web.filter.OncePerRequestFilter.doFilter(OncePerRequestFilter.java:107)
	at org.apache.catalina.core.ApplicationFilterChain.internalDoFilter(ApplicationFilterChain.java:193)
	at org.apache.catalina.core.ApplicationFilterChain.doFilter(ApplicationFilterChain.java:166)
	at org.grails.web.servlet.mvc.GrailsWebRequestFilter.doFilterInternal(GrailsWebRequestFilter.java:77)
	at org.springframework.web.filter.OncePerRequestFilter.doFilter(OncePerRequestFilter.java:107)
	at org.apache.catalina.core.ApplicationFilterChain.internalDoFilter(ApplicationFilterChain.java:193)
	at org.apache.catalina.core.ApplicationFilterChain.doFilter(ApplicationFilterChain.java:166)
	at org.grails.web.filters.HiddenHttpMethodFilter.doFilterInternal(HiddenHttpMethodFilter.java:67)
	at org.springframework.web.filter.OncePerRequestFilter.doFilter(OncePerRequestFilter.java:107)
	at org.apache.catalina.core.ApplicationFilterChain.internalDoFilter(ApplicationFilterChain.java:193)
	at org.apache.catalina.core.ApplicationFilterChain.doFilter(ApplicationFilterChain.java:166)
	at org.springframework.web.filter.CharacterEncodingFilter.doFilterInternal(CharacterEncodingFilter.java:197)
	at org.springframework.web.filter.OncePerRequestFilter.doFilter(OncePerRequestFilter.java:107)
	at org.apache.catalina.core.ApplicationFilterChain.internalDoFilter(ApplicationFilterChain.java:193)
	at org.apache.catalina.core.ApplicationFilterChain.doFilter(ApplicationFilterChain.java:166)
	at org.springframework.web.filter.CorsFilter.doFilterInternal(CorsFilter.java:96)
	at org.springframework.web.filter.OncePerRequestFilter.doFilter(OncePerRequestFilter.java:107)
	at org.apache.catalina.core.ApplicationFilterChain.internalDoFilter(ApplicationFilterChain.java:193)
	at org.apache.catalina.core.ApplicationFilterChain.doFilter(ApplicationFilterChain.java:166)
	at org.springframework.boot.actuate.autoconfigure.MetricsFilter.doFilterInternal(MetricsFilter.java:103)
	at org.springframework.web.filter.OncePerRequestFilter.doFilter(OncePerRequestFilter.java:107)
	at org.apache.catalina.core.ApplicationFilterChain.internalDoFilter(ApplicationFilterChain.java:193)
	at org.apache.catalina.core.ApplicationFilterChain.doFilter(ApplicationFilterChain.java:166)
	at org.apache.catalina.core.StandardWrapperValve.invoke(StandardWrapperValve.java:198)
	at org.apache.catalina.core.StandardContextValve.invoke(StandardContextValve.java:96)
	at org.apache.catalina.authenticator.AuthenticatorBase.invoke(AuthenticatorBase.java:493)
	at org.apache.catalina.core.StandardHostValve.invoke(StandardHostValve.java:140)
	at org.apache.catalina.valves.ErrorReportValve.invoke(ErrorReportValve.java:81)
	at org.apache.catalina.core.StandardEngineValve.invoke(StandardEngineValve.java:87)
	at org.apache.catalina.connector.CoyoteAdapter.service(CoyoteAdapter.java:342)
	at org.apache.coyote.http11.Http11Processor.service(Http11Processor.java:800)
	at org.apache.coyote.AbstractProcessorLight.process(AbstractProcessorLight.java:66)
	at org.apache.coyote.AbstractProtocol$ConnectionHandler.process(AbstractProtocol.java:800)
	at org.apache.tomcat.util.net.NioEndpoint$SocketProcessor.doRun(NioEndpoint.java:1471)
	at org.apache.tomcat.util.net.SocketProcessorBase.run(SocketProcessorBase.java:49)
	at java.util.concurrent.ThreadPoolExecutor.runWorker(ThreadPoolExecutor.java:1149)
	at java.util.concurrent.ThreadPoolExecutor$Worker.run(ThreadPoolExecutor.java:624)
	at org.apache.tomcat.util.threads.TaskThread$WrappingRunnable.run(TaskThread.java:61)
	at java.lang.Thread.run(Thread.java:748)
ERROR StackTrace - Full Stack Trace:
java.lang.reflect.InvocationTargetException: null
	at org.grails.core.DefaultGrailsControllerClass$ReflectionInvoker.invoke(DefaultGrailsControllerClass.java:211)
	at org.grails.core.DefaultGrailsControllerClass.invoke(DefaultGrailsControllerClass.java:188)
	at org.grails.web.mapping.mvc.UrlMappingsInfoHandlerAdapter.handle(UrlMappingsInfoHandlerAdapter.groovy:90)
	at org.springframework.web.servlet.DispatcherServlet.doDispatch(DispatcherServlet.java:967)
	at org.springframework.web.servlet.DispatcherServlet.doService(DispatcherServlet.java:901)
	at org.springframework.web.servlet.FrameworkServlet.processRequest(FrameworkServlet.java:970)
	at org.springframework.web.servlet.FrameworkServlet.doGet(FrameworkServlet.java:861)
	at org.springframework.web.servlet.FrameworkServlet.service(FrameworkServlet.java:846)
	at org.springframework.boot.web.filter.ApplicationContextHeaderFilter.doFilterInternal(ApplicationContextHeaderFilter.java:55)
	at org.grails.web.servlet.mvc.GrailsWebRequestFilter.doFilterInternal(GrailsWebRequestFilter.java:77)
	at org.grails.web.filters.HiddenHttpMethodFilter.doFilterInternal(HiddenHttpMethodFilter.java:67)
	at java.util.concurrent.ThreadPoolExecutor.runWorker(ThreadPoolExecutor.java:1149)
	at java.util.concurrent.ThreadPoolExecutor$Worker.run(ThreadPoolExecutor.java:624)
	at java.lang.Thread.run(Thread.java:748)
Caused by: grails.validation.ValidationException: Validation Error(s) occurred during save():
- Field error in object 'models.users.User' on field 'username': rejected value [Miry]; codes [models.users.User.username.unique.error.models.users.User.username,models.users.User.username.unique.error.username,models.users.User.username.unique.error.java.lang.String,models.users.User.username.unique.error,user.username.unique.error.models.users.User.username,user.username.unique.error.username,user.username.unique.error.java.lang.String,user.username.unique.error,models.users.User.username.unique.models.users.User.username,models.users.User.username.unique.username,models.users.User.username.unique.java.lang.String,models.users.User.username.unique,user.username.unique.models.users.User.username,user.username.unique.username,user.username.unique.java.lang.String,user.username.unique,unique.models.users.User.username,unique.username,unique.java.lang.String,unique]; arguments [username,class models.users.User,Miry]; default message [La propriété [{0}] de la classe [{1}] avec la valeur [{2}] doit être unique]

	at org.grails.orm.hibernate.AbstractHibernateGormInstanceApi.save(AbstractHibernateGormInstanceApi.groovy:134)
	at org.grails.datastore.gorm.GormEntity$Trait$Helper.save(GormEntity.groovy:151)
	at users.UserService.$tt__save(UserService.groovy:22)
	at grails.gorm.transactions.GrailsTransactionTemplate$2.doInTransaction(GrailsTransactionTemplate.groovy:94)
	at org.springframework.transaction.support.TransactionTemplate.execute(TransactionTemplate.java:133)
	at grails.gorm.transactions.GrailsTransactionTemplate.execute(GrailsTransactionTemplate.groovy:91)
	at grails.project.UserController.save(UserController.groovy:13)
	... 14 common frames omitted
